<?xml version="1.0" encoding="UTF-8"?>
<!-- Generated by org.testng.reporters.JUnitReportReporter -->
<testsuite hostname="DESKTOP-64CO17K" failures="0" tests="1" name="testCases.TC_002_ExistingUser_LoginTest" time="38.677" errors="0" timestamp="2023-08-02T13:18:51 IST" skipped="0">
  <testcase classname="testCases.TC_002_ExistingUser_LoginTest" name="test_login" time="38.677"/>
</testsuite> <!-- testCases.TC_002_ExistingUser_LoginTest -->
