<?xml version="1.0" encoding="UTF-8"?>
<!-- Generated by org.testng.reporters.JUnitReportReporter -->
<testsuite hostname="DESKTOP-64CO17K" failures="0" tests="1" name="testCases.TC_005_SearchVenueTest" time="13.084" errors="0" timestamp="2023-08-02T09:58:51 IST" skipped="0">
  <testcase classname="testCases.TC_005_SearchVenueTest" name="test_VenueSearch" time="13.084"/>
</testsuite> <!-- testCases.TC_005_SearchVenueTest -->
