<?xml version="1.0" encoding="UTF-8"?>
<!-- Generated by org.testng.reporters.JUnitReportReporter -->
<testsuite hostname="DESKTOP-64CO17K" failures="0" tests="1" name="testCases.TC_005_SearchVenueTest" time="28.008" errors="0" timestamp="2023-08-07T18:53:10 IST" skipped="0">
  <testcase classname="testCases.TC_005_SearchVenueTest" name="test_VenueSearch" time="28.008"/>
  <system-out/>
</testsuite> <!-- testCases.TC_005_SearchVenueTest -->
