<?xml version="1.0" encoding="UTF-8"?>
<!-- Generated by org.testng.reporters.JUnitReportReporter -->
<testsuite name="testCases.TC_001_ExistingUser_LoginTest2" tests="1" time="2.781" ignored="0" failures="0" timestamp="13 Jul 2023 11:55:39 GMT" skipped="0" hostname="DESKTOP-64CO17K" errors="0">
  <testcase name="test_existingUser_Account" time="2.781" classname="testCases.TC_001_ExistingUser_LoginTest2"/>
</testsuite> <!-- testCases.TC_001_ExistingUser_LoginTest2 -->
