<?xml version="1.0" encoding="UTF-8"?>
<!-- Generated by org.testng.reporters.JUnitReportReporter -->
<testsuite hostname="DESKTOP-64CO17K" failures="0" tests="17" name="testCases.TC_003_LoginDDT2_SampleTry" time="163.144" errors="0" timestamp="2023-08-01T08:18:00 IST" skipped="0">
  <testcase classname="testCases.TC_003_LoginDDT2_SampleTry" name="test_DDT" time="5.168"/>
  <testcase classname="testCases.TC_003_LoginDDT2_SampleTry" name="test_DDT" time="1.167"/>
  <testcase classname="testCases.TC_003_LoginDDT2_SampleTry" name="test_DDT" time="12.378"/>
  <testcase classname="testCases.TC_003_LoginDDT2_SampleTry" name="test_DDT" time="12.459"/>
  <testcase classname="testCases.TC_003_LoginDDT2_SampleTry" name="test_DDT" time="5.172"/>
  <testcase classname="testCases.TC_003_LoginDDT2_SampleTry" name="test_DDT" time="8.925"/>
  <testcase classname="testCases.TC_003_LoginDDT2_SampleTry" name="test_DDT" time="1.239"/>
  <testcase classname="testCases.TC_003_LoginDDT2_SampleTry" name="test_DDT" time="12.654"/>
  <testcase classname="testCases.TC_003_LoginDDT2_SampleTry" name="test_DDT" time="12.379"/>
  <testcase classname="testCases.TC_003_LoginDDT2_SampleTry" name="test_DDT" time="5.560"/>
  <testcase classname="testCases.TC_003_LoginDDT2_SampleTry" name="test_DDT" time="12.392"/>
  <testcase classname="testCases.TC_003_LoginDDT2_SampleTry" name="test_DDT" time="12.367"/>
  <testcase classname="testCases.TC_003_LoginDDT2_SampleTry" name="test_DDT" time="12.269"/>
  <testcase classname="testCases.TC_003_LoginDDT2_SampleTry" name="test_DDT" time="12.284"/>
  <testcase classname="testCases.TC_003_LoginDDT2_SampleTry" name="test_DDT" time="12.317"/>
  <testcase classname="testCases.TC_003_LoginDDT2_SampleTry" name="test_DDT" time="11.987"/>
  <testcase classname="testCases.TC_003_LoginDDT2_SampleTry" name="test_DDT" time="12.427"/>
</testsuite> <!-- testCases.TC_003_LoginDDT2_SampleTry -->
