<?xml version="1.0" encoding="UTF-8"?>
<!-- Generated by org.testng.reporters.JUnitReportReporter -->
<testsuite hostname="DESKTOP-64CO17K" failures="0" tests="1" name="testCases.TC_002_ExistingUser_LoginTest" time="6.738" errors="0" timestamp="2023-08-04T11:00:09 IST" skipped="0">
  <testcase classname="testCases.TC_002_ExistingUser_LoginTest" name="test_login" time="6.738"/>
  <system-out/>
</testsuite> <!-- testCases.TC_002_ExistingUser_LoginTest -->
