<?xml version="1.0" encoding="UTF-8"?>
<!-- Generated by org.testng.reporters.JUnitReportReporter -->
<testsuite skipped="0" hostname="DESKTOP-64CO17K" name="testCases.TC_001_ExistingUser_LoginTest" tests="1" failures="0" timestamp="18 Jul 2023 08:42:52 GMT" time="6.281" errors="0">
  <testcase name="test_login" time="6.281" classname="testCases.TC_001_ExistingUser_LoginTest"/>
</testsuite> <!-- testCases.TC_001_ExistingUser_LoginTest -->
