<?xml version="1.0" encoding="UTF-8"?>
<!-- Generated by org.testng.reporters.JUnitReportReporter -->
<testsuite hostname="DESKTOP-64CO17K" failures="0" tests="3" name="testCases.TC_004_MyAccountPageTest" time="10.052" errors="0" timestamp="2023-08-01T10:15:38 IST" skipped="0">
  <testcase classname="testCases.TC_004_MyAccountPageTest" name="verifyMyAccount" time="6.516"/>
  <testcase classname="testCases.TC_004_MyAccountPageTest" name="verifySelectedVenueLink" time="0.004"/>
  <testcase classname="testCases.TC_004_MyAccountPageTest" name="testVenueSearch" time="3.532"/>
</testsuite> <!-- testCases.TC_004_MyAccountPageTest -->
