<?xml version="1.0" encoding="UTF-8"?>
<!-- Generated by org.testng.reporters.JUnitReportReporter -->
<testsuite hostname="DESKTOP-64CO17K" failures="0" tests="3" name="testCases.TC_004_MyAccountPageTest" time="9.882" errors="0" timestamp="2023-08-04T11:14:14 IST" skipped="0">
  <testcase classname="testCases.TC_004_MyAccountPageTest" name="verifyMyAccount" time="5.753"/>
  <system-out/>
  <testcase classname="testCases.TC_004_MyAccountPageTest" name="verifySelectedVenueLink" time="0.001"/>
  <system-out/>
  <testcase classname="testCases.TC_004_MyAccountPageTest" name="testVenueSearch" time="4.128"/>
  <system-out/>
</testsuite> <!-- testCases.TC_004_MyAccountPageTest -->
