<?xml version="1.0" encoding="UTF-8"?>
<!-- Generated by org.testng.reporters.JUnitReportReporter -->
<testsuite hostname="DESKTOP-64CO17K" failures="0" tests="17" name="testCases.TC_003_LoginDDT" time="162.340" errors="0" timestamp="2023-08-01T08:11:42 IST" skipped="0">
  <testcase classname="testCases.TC_003_LoginDDT" name="test_DDT" time="5.032"/>
  <testcase classname="testCases.TC_003_LoginDDT" name="test_DDT" time="5.195"/>
  <testcase classname="testCases.TC_003_LoginDDT" name="test_DDT" time="12.435"/>
  <testcase classname="testCases.TC_003_LoginDDT" name="test_DDT" time="12.257"/>
  <testcase classname="testCases.TC_003_LoginDDT" name="test_DDT" time="5.032"/>
  <testcase classname="testCases.TC_003_LoginDDT" name="test_DDT" time="12.136"/>
  <testcase classname="testCases.TC_003_LoginDDT" name="test_DDT" time="1.136"/>
  <testcase classname="testCases.TC_003_LoginDDT" name="test_DDT" time="1.232"/>
  <testcase classname="testCases.TC_003_LoginDDT" name="test_DDT" time="12.117"/>
  <testcase classname="testCases.TC_003_LoginDDT" name="test_DDT" time="12.415"/>
  <testcase classname="testCases.TC_003_LoginDDT" name="test_DDT" time="12.311"/>
  <testcase classname="testCases.TC_003_LoginDDT" name="test_DDT" time="12.771"/>
  <testcase classname="testCases.TC_003_LoginDDT" name="test_DDT" time="8.346"/>
  <testcase classname="testCases.TC_003_LoginDDT" name="test_DDT" time="12.406"/>
  <testcase classname="testCases.TC_003_LoginDDT" name="test_DDT" time="12.522"/>
  <testcase classname="testCases.TC_003_LoginDDT" name="test_DDT" time="12.507"/>
  <testcase classname="testCases.TC_003_LoginDDT" name="test_DDT" time="12.490"/>
</testsuite> <!-- testCases.TC_003_LoginDDT -->
