<?xml version="1.0" encoding="UTF-8"?>
<!-- Generated by org.testng.reporters.JUnitReportReporter -->
<testsuite hostname="DESKTOP-64CO17K" failures="0" tests="17" name="testCases.TC_003_LoginDDT" time="161.473" errors="0" timestamp="2023-08-04T11:03:58 IST" skipped="0">
  <testcase classname="testCases.TC_003_LoginDDT" name="test_DDT" time="5.816"/>
  <system-out/>
  <testcase classname="testCases.TC_003_LoginDDT" name="test_DDT" time="12.208"/>
  <system-out/>
  <testcase classname="testCases.TC_003_LoginDDT" name="test_DDT" time="12.078"/>
  <system-out/>
  <testcase classname="testCases.TC_003_LoginDDT" name="test_DDT" time="12.072"/>
  <system-out/>
  <testcase classname="testCases.TC_003_LoginDDT" name="test_DDT" time="11.582"/>
  <system-out/>
  <testcase classname="testCases.TC_003_LoginDDT" name="test_DDT" time="4.708"/>
  <system-out/>
  <testcase classname="testCases.TC_003_LoginDDT" name="test_DDT" time="12.049"/>
  <system-out/>
  <testcase classname="testCases.TC_003_LoginDDT" name="test_DDT" time="12.356"/>
  <system-out/>
  <testcase classname="testCases.TC_003_LoginDDT" name="test_DDT" time="12.025"/>
  <system-out/>
  <testcase classname="testCases.TC_003_LoginDDT" name="test_DDT" time="12.016"/>
  <system-out/>
  <testcase classname="testCases.TC_003_LoginDDT" name="test_DDT" time="1.135"/>
  <system-out/>
  <testcase classname="testCases.TC_003_LoginDDT" name="test_DDT" time="12.033"/>
  <system-out/>
  <testcase classname="testCases.TC_003_LoginDDT" name="test_DDT" time="4.619"/>
  <system-out/>
  <testcase classname="testCases.TC_003_LoginDDT" name="test_DDT" time="11.890"/>
  <system-out/>
  <testcase classname="testCases.TC_003_LoginDDT" name="test_DDT" time="1.080"/>
  <system-out/>
  <testcase classname="testCases.TC_003_LoginDDT" name="test_DDT" time="12.193"/>
  <system-out/>
  <testcase classname="testCases.TC_003_LoginDDT" name="test_DDT" time="11.613"/>
  <system-out/>
</testsuite> <!-- testCases.TC_003_LoginDDT -->
