<?xml version="1.0" encoding="UTF-8"?>
<!-- Generated by org.testng.reporters.JUnitReportReporter -->
<testsuite skipped="0" hostname="DESKTOP-64CO17K" name="testCases.TC_002_DataProvider_LoginTest" tests="1" failures="0" timestamp="16 Jul 2023 08:51:51 GMT" time="0.008" errors="0">
  <testcase name="v1" time="0.008" classname="testCases.TC_002_DataProvider_LoginTest"/>
</testsuite> <!-- testCases.TC_002_DataProvider_LoginTest -->
