<?xml version="1.0" encoding="UTF-8"?>
<!-- Generated by org.testng.reporters.JUnitReportReporter -->
<testsuite hostname="DESKTOP-64CO17K" failures="0" tests="2" name="testCases.TC_001_HomePageTest" time="0.357" errors="0" timestamp="2023-08-02T12:44:35 IST" skipped="0">
  <testcase classname="testCases.TC_001_HomePageTest" name="verifyLogo" time="0.326"/>
  <system-out/>
  <testcase classname="testCases.TC_001_HomePageTest" name="verifyTitle" time="0.031"/>
  <system-out/>
</testsuite> <!-- testCases.TC_001_HomePageTest -->
