<?xml version="1.0" encoding="UTF-8"?>
<!-- Generated by org.testng.reporters.JUnitReportReporter -->
<testsuite hostname="DESKTOP-64CO17K" failures="0" tests="17" name="testCases.TC_003_LoginDDT" time="57.669" errors="0" timestamp="2023-07-26T22:02:05 IST" skipped="0">
  <testcase classname="testCases.TC_003_LoginDDT" name="test_DDT" time="1.098"/>
  <system-out/>
  <testcase classname="testCases.TC_003_LoginDDT" name="test_DDT" time="1.120"/>
  <system-out/>
  <testcase classname="testCases.TC_003_LoginDDT" name="test_DDT" time="1.127"/>
  <system-out/>
  <testcase classname="testCases.TC_003_LoginDDT" name="test_DDT" time="12.094"/>
  <system-out/>
  <testcase classname="testCases.TC_003_LoginDDT" name="test_DDT" time="4.903"/>
  <system-out/>
  <testcase classname="testCases.TC_003_LoginDDT" name="test_DDT" time="1.099"/>
  <system-out/>
  <testcase classname="testCases.TC_003_LoginDDT" name="test_DDT" time="1.157"/>
  <system-out/>
  <testcase classname="testCases.TC_003_LoginDDT" name="test_DDT" time="1.133"/>
  <system-out/>
  <testcase classname="testCases.TC_003_LoginDDT" name="test_DDT" time="7.269"/>
  <system-out/>
  <testcase classname="testCases.TC_003_LoginDDT" name="test_DDT" time="1.106"/>
  <system-out/>
  <testcase classname="testCases.TC_003_LoginDDT" name="test_DDT" time="4.512"/>
  <system-out/>
  <testcase classname="testCases.TC_003_LoginDDT" name="test_DDT" time="12.087"/>
  <system-out/>
  <testcase classname="testCases.TC_003_LoginDDT" name="test_DDT" time="1.095"/>
  <system-out/>
  <testcase classname="testCases.TC_003_LoginDDT" name="test_DDT" time="4.541"/>
  <system-out/>
  <testcase classname="testCases.TC_003_LoginDDT" name="test_DDT" time="1.128"/>
  <system-out/>
  <testcase classname="testCases.TC_003_LoginDDT" name="test_DDT" time="1.102"/>
  <system-out/>
  <testcase classname="testCases.TC_003_LoginDDT" name="test_DDT" time="1.098"/>
  <system-out/>
</testsuite> <!-- testCases.TC_003_LoginDDT -->
