<?xml version="1.0" encoding="UTF-8"?>
<!-- Generated by org.testng.reporters.JUnitReportReporter -->
<testsuite hostname="DESKTOP-64CO17K" failures="0" tests="1" name="testCases.TC_002_ExistingUser_LoginTest" time="7.711" errors="0" timestamp="2023-08-02T12:44:35 IST" skipped="0">
  <testcase classname="testCases.TC_002_ExistingUser_LoginTest" name="test_login" time="7.711"/>
  <system-out/>
</testsuite> <!-- testCases.TC_002_ExistingUser_LoginTest -->
